[2022-06-12 13:31:48.035] [jointLog] [info] setting maxHashResizeThreads to 20
[2022-06-12 13:31:48.035] [jointLog] [info] Fragment incompatibility prior below threshold.  Incompatible fragments will be ignored.
[2022-06-12 13:31:48.035] [jointLog] [info] Usage of --validateMappings implies use of minScoreFraction. Since not explicitly specified, it is being set to 0.65
[2022-06-12 13:31:48.035] [jointLog] [info] Setting consensusSlack to selective-alignment default of 0.35.
[2022-06-12 13:31:48.035] [jointLog] [info] parsing read library format
[2022-06-12 13:31:48.035] [jointLog] [info] There is 1 library.
[2022-06-12 13:31:48.037] [jointLog] [info] Loading pufferfish index
[2022-06-12 13:31:48.037] [jointLog] [info] Loading dense pufferfish index.
[2022-06-12 13:31:48.898] [jointLog] [info] done
[2022-06-12 13:31:48.993] [jointLog] [info] Index contained 140,790 targets
[2022-06-12 13:31:50.865] [jointLog] [info] Number of decoys : 0
[2022-06-12 13:31:52.947] [jointLog] [info] Automatically detected most likely library type as ISR

[2022-06-12 13:39:04.885] [jointLog] [info] Thread saw mini-batch with a maximum of 2.10% zero probability fragments
[2022-06-12 13:39:04.896] [jointLog] [info] Thread saw mini-batch with a maximum of 2.14% zero probability fragments
[2022-06-12 13:39:04.975] [jointLog] [info] Thread saw mini-batch with a maximum of 2.08% zero probability fragments
[2022-06-12 13:39:04.975] [jointLog] [info] Thread saw mini-batch with a maximum of 1.96% zero probability fragments
[2022-06-12 13:39:05.001] [jointLog] [info] Thread saw mini-batch with a maximum of 1.98% zero probability fragments
[2022-06-12 13:39:05.018] [jointLog] [info] Thread saw mini-batch with a maximum of 2.00% zero probability fragments
[2022-06-12 13:39:05.064] [jointLog] [info] Thread saw mini-batch with a maximum of 2.04% zero probability fragments
[2022-06-12 13:39:05.066] [jointLog] [info] Thread saw mini-batch with a maximum of 2.08% zero probability fragments
[2022-06-12 13:39:05.120] [jointLog] [info] Thread saw mini-batch with a maximum of 2.06% zero probability fragments
[2022-06-12 13:39:05.143] [jointLog] [info] Thread saw mini-batch with a maximum of 2.06% zero probability fragments
[2022-06-12 13:39:05.177] [jointLog] [info] Thread saw mini-batch with a maximum of 2.02% zero probability fragments
[2022-06-12 13:39:05.219] [jointLog] [info] Thread saw mini-batch with a maximum of 2.10% zero probability fragments
[2022-06-12 13:39:05.305] [jointLog] [info] Thread saw mini-batch with a maximum of 1.96% zero probability fragments
[2022-06-12 13:39:05.313] [jointLog] [info] Thread saw mini-batch with a maximum of 1.92% zero probability fragments
[2022-06-12 13:39:05.332] [jointLog] [info] Thread saw mini-batch with a maximum of 2.12% zero probability fragments
[2022-06-12 13:39:05.392] [jointLog] [info] Thread saw mini-batch with a maximum of 2.20% zero probability fragments
[2022-06-12 13:39:05.425] [jointLog] [info] Thread saw mini-batch with a maximum of 2.10% zero probability fragments
[2022-06-12 13:39:05.485] [jointLog] [info] Thread saw mini-batch with a maximum of 2.04% zero probability fragments
[2022-06-12 13:39:05.505] [jointLog] [info] Thread saw mini-batch with a maximum of 2.10% zero probability fragments
[2022-06-12 13:39:05.544] [jointLog] [info] Thread saw mini-batch with a maximum of 1.94% zero probability fragments
[2022-06-12 13:39:05.923] [jointLog] [info] Computed 357,182 rich equivalence classes for further processing
[2022-06-12 13:39:05.923] [jointLog] [info] Counted 24,562,683 total reads in the equivalence classes 
[2022-06-12 13:39:05.936] [jointLog] [warning] 1.52179e-05% of fragments were shorter than the k used to build the index.
If this fraction is too large, consider re-building the index with a smaller k.
The minimum read size found was 23.


[2022-06-12 13:39:05.936] [jointLog] [info] Number of mappings discarded because of alignment score : 183,008,876
[2022-06-12 13:39:05.936] [jointLog] [info] Number of fragments entirely discarded because of alignment score : 4,806,815
[2022-06-12 13:39:05.936] [jointLog] [info] Number of fragments discarded because they are best-mapped to decoys : 0
[2022-06-12 13:39:05.936] [jointLog] [info] Number of fragments discarded because they have only dovetail (discordant) mappings to valid targets : 579,607
[2022-06-12 13:39:05.936] [jointLog] [info] Mapping rate = 46.724%

[2022-06-12 13:39:05.936] [jointLog] [info] finished quantifyLibrary()
[2022-06-12 13:39:05.950] [jointLog] [info] Starting optimizer
[2022-06-12 13:39:06.072] [jointLog] [info] Marked 0 weighted equivalence classes as degenerate
[2022-06-12 13:39:06.086] [jointLog] [info] iteration = 0 | max rel diff. = 8730.08
[2022-06-12 13:39:06.222] [jointLog] [info] iteration 11, adjusting effective lengths to account for biases
[2022-06-12 13:39:05.924] [fileLog] [info] 
At end of round 0
==================
Observed 52569758 total fragments (52569758 in most recent round)

[2022-06-12 13:39:35.875] [jointLog] [info] Computed expected counts (for bias correction)
[2022-06-12 13:39:35.876] [jointLog] [info] processed bias for 0.0% of the transcripts
[2022-06-12 13:39:38.836] [jointLog] [info] processed bias for 10.0% of the transcripts
[2022-06-12 13:39:41.903] [jointLog] [info] processed bias for 20.0% of the transcripts
[2022-06-12 13:39:44.964] [jointLog] [info] processed bias for 30.0% of the transcripts
[2022-06-12 13:39:48.064] [jointLog] [info] processed bias for 40.0% of the transcripts
[2022-06-12 13:39:51.137] [jointLog] [info] processed bias for 50.0% of the transcripts
[2022-06-12 13:39:54.844] [jointLog] [info] processed bias for 60.0% of the transcripts
[2022-06-12 13:39:57.976] [jointLog] [info] processed bias for 70.0% of the transcripts
[2022-06-12 13:40:01.108] [jointLog] [info] processed bias for 80.0% of the transcripts
[2022-06-12 13:40:04.053] [jointLog] [info] processed bias for 90.0% of the transcripts
[2022-06-12 13:40:07.198] [jointLog] [info] processed bias for 100.0% of the transcripts
[2022-06-12 13:40:08.462] [jointLog] [info] iteration = 100 | max rel diff. = 19.3806
[2022-06-12 13:40:09.855] [jointLog] [info] iteration = 200 | max rel diff. = 5.52453
[2022-06-12 13:40:11.245] [jointLog] [info] iteration = 300 | max rel diff. = 1.32513
[2022-06-12 13:40:12.629] [jointLog] [info] iteration = 400 | max rel diff. = 1.30594
[2022-06-12 13:40:14.011] [jointLog] [info] iteration = 500 | max rel diff. = 0.356427
[2022-06-12 13:40:15.392] [jointLog] [info] iteration = 600 | max rel diff. = 0.8847
[2022-06-12 13:40:16.773] [jointLog] [info] iteration = 700 | max rel diff. = 1.29667
[2022-06-12 13:40:18.149] [jointLog] [info] iteration = 800 | max rel diff. = 0.297017
[2022-06-12 13:40:19.526] [jointLog] [info] iteration = 900 | max rel diff. = 0.0740084
[2022-06-12 13:40:20.904] [jointLog] [info] iteration = 1,000 | max rel diff. = 0.0171837
[2022-06-12 13:40:22.281] [jointLog] [info] iteration = 1,100 | max rel diff. = 10.2138
[2022-06-12 13:40:23.659] [jointLog] [info] iteration = 1,200 | max rel diff. = 0.0154385
[2022-06-12 13:40:25.038] [jointLog] [info] iteration = 1,300 | max rel diff. = 0.0289006
[2022-06-12 13:40:26.417] [jointLog] [info] iteration = 1,400 | max rel diff. = 0.0638949
[2022-06-12 13:40:26.651] [jointLog] [info] iteration = 1,418 | max rel diff. = 0.00849019
[2022-06-12 13:40:26.684] [jointLog] [info] Finished optimizer
[2022-06-12 13:40:26.684] [jointLog] [info] writing output 

